<?xml version="1.0" encoding="UTF-8"?>
<!-- Generated by org.testng.reporters.JUnitReportReporter -->
<testsuite hostname="DESKTOP-P00DEH1" failures="0" tests="3" name="demo.org.FacebookTest" time="32.131" errors="0" timestamp="2023-12-01T14:28:01 IST" skipped="0">
  <testcase classname="demo.org.FacebookTest" name="logIn" time="9.263"/>
  <system-out/>
  <testcase classname="demo.org.FacebookTest" name="logIn" time="6.997"/>
  <system-out/>
  <testcase classname="demo.org.FacebookTest" name="logIn" time="15.871"/>
  <system-out/>
</testsuite> <!-- demo.org.FacebookTest -->
