<?xml version="1.0" encoding="UTF-8"?>
<!-- Generated by org.testng.reporters.JUnitReportReporter -->
<testsuite hostname="DESKTOP-P00DEH1" failures="0" tests="3" name="demo.org.FacebookTest" time="15.884" errors="0" timestamp="2023-12-04T13:51:25 IST" skipped="0">
  <testcase classname="demo.org.FacebookTest" name="logIn" time="8.306"/>
  <system-out/>
  <testcase classname="demo.org.FacebookTest" name="logIn" time="3.770"/>
  <system-out/>
  <testcase classname="demo.org.FacebookTest" name="logIn" time="3.808"/>
  <system-out/>
</testsuite> <!-- demo.org.FacebookTest -->
